[0.548s] Invoking command in '/home/ratul/ros2_ws/build/robot_controller': PYTHONPATH=/home/ratul/ros2_ws/build/robot_controller/prefix_override:/home/ratul/ros2_ws/install/robot_controller/lib/python3.10/site-packages:${PYTHONPATH} /usr/bin/python3 -W ignore:setup.py install is deprecated setup.py develop --editable --build-directory /home/ratul/ros2_ws/build/robot_controller/build --no-deps symlink_data
[0.787s] running develop
[0.787s] /home/ratul/.local/lib/python3.10/site-packages/setuptools/command/develop.py:42: EasyInstallDeprecationWarning: easy_install command is deprecated.
[0.788s] !!
[0.788s] 
[0.788s]         ********************************************************************************
[0.788s]         Please avoid running ``setup.py`` and ``easy_install``.
[0.788s]         Instead, use pypa/build, pypa/installer or other
[0.788s]         standards-based tools.
[0.788s] 
[0.788s]         See https://github.com/pypa/setuptools/issues/917 for details.
[0.788s]         ********************************************************************************
[0.788s] 
[0.789s] !!
[0.789s]   easy_install.initialize_options(self)
[0.938s] running egg_info
[0.948s] writing robot_controller.egg-info/PKG-INFO
[0.948s] writing dependency_links to robot_controller.egg-info/dependency_links.txt
[0.948s] writing entry points to robot_controller.egg-info/entry_points.txt
[0.949s] writing requirements to robot_controller.egg-info/requires.txt
[0.949s] writing top-level names to robot_controller.egg-info/top_level.txt
[0.971s] reading manifest file 'robot_controller.egg-info/SOURCES.txt'
[0.971s] writing manifest file 'robot_controller.egg-info/SOURCES.txt'
[0.983s] running build_ext
[0.983s] Creating /home/ratul/ros2_ws/install/robot_controller/lib/python3.10/site-packages/robot-controller.egg-link (link to .)
[0.983s] Installing draw_circle script to /home/ratul/ros2_ws/install/robot_controller/lib/robot_controller
[0.983s] Installing pose_subscriber script to /home/ratul/ros2_ws/install/robot_controller/lib/robot_controller
[0.983s] Installing test_node script to /home/ratul/ros2_ws/install/robot_controller/lib/robot_controller
[0.984s] 
[0.984s] Installed /home/ratul/ros2_ws/build/robot_controller
[0.984s] running symlink_data
[1.005s] Invoked command in '/home/ratul/ros2_ws/build/robot_controller' returned '0': PYTHONPATH=/home/ratul/ros2_ws/build/robot_controller/prefix_override:/home/ratul/ros2_ws/install/robot_controller/lib/python3.10/site-packages:${PYTHONPATH} /usr/bin/python3 -W ignore:setup.py install is deprecated setup.py develop --editable --build-directory /home/ratul/ros2_ws/build/robot_controller/build --no-deps symlink_data
