[0.619s] Invoking command in '/home/ratul/ros2_ws/build/robot_controller': PYTHONPATH=/home/ratul/ros2_ws/build/robot_controller/prefix_override:/home/ratul/ros2_ws/install/robot_controller/lib/python3.10/site-packages:${PYTHONPATH} /usr/bin/python3 -W ignore:setup.py install is deprecated setup.py develop --editable --build-directory /home/ratul/ros2_ws/build/robot_controller/build --no-deps symlink_data --force
[0.856s] running develop
[0.856s] /home/ratul/.local/lib/python3.10/site-packages/setuptools/command/develop.py:42: EasyInstallDeprecationWarning: easy_install command is deprecated.
[0.857s] !!
[0.857s] 
[0.857s]         ********************************************************************************
[0.857s]         Please avoid running ``setup.py`` and ``easy_install``.
[0.857s]         Instead, use pypa/build, pypa/installer or other
[0.857s]         standards-based tools.
[0.857s] 
[0.857s]         See https://github.com/pypa/setuptools/issues/917 for details.
[0.857s]         ********************************************************************************
[0.857s] 
[0.857s] !!
[0.857s]   easy_install.initialize_options(self)
[1.001s] running egg_info
[1.011s] writing robot_controller.egg-info/PKG-INFO
[1.012s] writing dependency_links to robot_controller.egg-info/dependency_links.txt
[1.012s] writing entry points to robot_controller.egg-info/entry_points.txt
[1.012s] writing requirements to robot_controller.egg-info/requires.txt
[1.012s] writing top-level names to robot_controller.egg-info/top_level.txt
[1.034s] reading manifest file 'robot_controller.egg-info/SOURCES.txt'
[1.035s] writing manifest file 'robot_controller.egg-info/SOURCES.txt'
[1.046s] running build_ext
[1.046s] Creating /home/ratul/ros2_ws/install/robot_controller/lib/python3.10/site-packages/robot-controller.egg-link (link to .)
[1.047s] Installing draw_circle script to /home/ratul/ros2_ws/install/robot_controller/lib/robot_controller
[1.047s] Installing test_node script to /home/ratul/ros2_ws/install/robot_controller/lib/robot_controller
[1.047s] 
[1.047s] Installed /home/ratul/ros2_ws/build/robot_controller
[1.047s] running symlink_data
[1.047s] symbolically linking /home/ratul/ros2_ws/build/robot_controller/resource/robot_controller -> /home/ratul/ros2_ws/install/robot_controller/share/ament_index/resource_index/packages
[1.047s] symbolically linking /home/ratul/ros2_ws/build/robot_controller/package.xml -> /home/ratul/ros2_ws/install/robot_controller/share/robot_controller
[1.068s] Invoked command in '/home/ratul/ros2_ws/build/robot_controller' returned '0': PYTHONPATH=/home/ratul/ros2_ws/build/robot_controller/prefix_override:/home/ratul/ros2_ws/install/robot_controller/lib/python3.10/site-packages:${PYTHONPATH} /usr/bin/python3 -W ignore:setup.py install is deprecated setup.py develop --editable --build-directory /home/ratul/ros2_ws/build/robot_controller/build --no-deps symlink_data --force
