[0.420s] Invoking command in '/home/ratul/ros2_ws/src/robot_controller': PYTHONPATH=/home/ratul/ros2_ws/build/robot_controller/prefix_override:/home/ratul/ros2_ws/install/robot_controller/lib/python3.10/site-packages:${PYTHONPATH} /usr/bin/python3 -W ignore:setup.py install is deprecated setup.py egg_info --egg-base ../../build/robot_controller build --build-base /home/ratul/ros2_ws/build/robot_controller/build install --record /home/ratul/ros2_ws/build/robot_controller/install.log --single-version-externally-managed install_data
[0.587s] running egg_info
[0.587s] writing ../../build/robot_controller/robot_controller.egg-info/PKG-INFO
[0.587s] writing dependency_links to ../../build/robot_controller/robot_controller.egg-info/dependency_links.txt
[0.588s] writing entry points to ../../build/robot_controller/robot_controller.egg-info/entry_points.txt
[0.588s] writing requirements to ../../build/robot_controller/robot_controller.egg-info/requires.txt
[0.588s] writing top-level names to ../../build/robot_controller/robot_controller.egg-info/top_level.txt
[0.589s] reading manifest file '../../build/robot_controller/robot_controller.egg-info/SOURCES.txt'
[0.590s] writing manifest file '../../build/robot_controller/robot_controller.egg-info/SOURCES.txt'
[0.590s] running build
[0.590s] running build_py
[0.590s] running install
[0.590s] running install_lib
[0.591s] running install_data
[0.591s] running install_egg_info
[0.592s] removing '/home/ratul/ros2_ws/install/robot_controller/lib/python3.10/site-packages/robot_controller-0.0.0-py3.10.egg-info' (and everything under it)
[0.592s] Copying ../../build/robot_controller/robot_controller.egg-info to /home/ratul/ros2_ws/install/robot_controller/lib/python3.10/site-packages/robot_controller-0.0.0-py3.10.egg-info
[0.593s] running install_scripts
[0.608s] Installing test_node script to /home/ratul/ros2_ws/install/robot_controller/lib/robot_controller
[0.608s] writing list of installed files to '/home/ratul/ros2_ws/build/robot_controller/install.log'
[0.623s] Invoked command in '/home/ratul/ros2_ws/src/robot_controller' returned '0': PYTHONPATH=/home/ratul/ros2_ws/build/robot_controller/prefix_override:/home/ratul/ros2_ws/install/robot_controller/lib/python3.10/site-packages:${PYTHONPATH} /usr/bin/python3 -W ignore:setup.py install is deprecated setup.py egg_info --egg-base ../../build/robot_controller build --build-base /home/ratul/ros2_ws/build/robot_controller/build install --record /home/ratul/ros2_ws/build/robot_controller/install.log --single-version-externally-managed install_data
