running develop
/home/ratul/.local/lib/python3.10/site-packages/setuptools/command/develop.py:42: EasyInstallDeprecationWarning: easy_install command is deprecated.
!!

        ********************************************************************************
        Please avoid running ``setup.py`` and ``easy_install``.
        Instead, use pypa/build, pypa/installer or other
        standards-based tools.

        See https://github.com/pypa/setuptools/issues/917 for details.
        ********************************************************************************

!!
  easy_install.initialize_options(self)
running egg_info
writing robot_controller.egg-info/PKG-INFO
writing dependency_links to robot_controller.egg-info/dependency_links.txt
writing entry points to robot_controller.egg-info/entry_points.txt
writing requirements to robot_controller.egg-info/requires.txt
writing top-level names to robot_controller.egg-info/top_level.txt
reading manifest file 'robot_controller.egg-info/SOURCES.txt'
writing manifest file 'robot_controller.egg-info/SOURCES.txt'
running build_ext
Creating /home/ratul/ros2_ws/install/robot_controller/lib/python3.10/site-packages/robot-controller.egg-link (link to .)
Installing draw_circle script to /home/ratul/ros2_ws/install/robot_controller/lib/robot_controller
Installing pose_subscriber script to /home/ratul/ros2_ws/install/robot_controller/lib/robot_controller
Installing test_node script to /home/ratul/ros2_ws/install/robot_controller/lib/robot_controller

Installed /home/ratul/ros2_ws/build/robot_controller
running symlink_data
