[0.428s] Invoking command in '/home/ratul/ros2_ws/src/robot_controller': PYTHONPATH=/home/ratul/ros2_ws/build/robot_controller/prefix_override:/home/ratul/ros2_ws/install/robot_controller/lib/python3.10/site-packages:${PYTHONPATH} /usr/bin/python3 -W ignore:setup.py install is deprecated setup.py egg_info --egg-base ../../build/robot_controller build --build-base /home/ratul/ros2_ws/build/robot_controller/build install --record /home/ratul/ros2_ws/build/robot_controller/install.log --single-version-externally-managed install_data
[0.591s] running egg_info
[0.592s] creating ../../build/robot_controller/robot_controller.egg-info
[0.592s] writing ../../build/robot_controller/robot_controller.egg-info/PKG-INFO
[0.592s] writing dependency_links to ../../build/robot_controller/robot_controller.egg-info/dependency_links.txt
[0.592s] writing entry points to ../../build/robot_controller/robot_controller.egg-info/entry_points.txt
[0.592s] writing requirements to ../../build/robot_controller/robot_controller.egg-info/requires.txt
[0.592s] writing top-level names to ../../build/robot_controller/robot_controller.egg-info/top_level.txt
[0.592s] writing manifest file '../../build/robot_controller/robot_controller.egg-info/SOURCES.txt'
[0.593s] reading manifest file '../../build/robot_controller/robot_controller.egg-info/SOURCES.txt'
[0.594s] writing manifest file '../../build/robot_controller/robot_controller.egg-info/SOURCES.txt'
[0.594s] running build
[0.594s] running build_py
[0.594s] creating /home/ratul/ros2_ws/build/robot_controller/build
[0.594s] creating /home/ratul/ros2_ws/build/robot_controller/build/lib
[0.594s] creating /home/ratul/ros2_ws/build/robot_controller/build/lib/robot_controller
[0.594s] copying robot_controller/__init__.py -> /home/ratul/ros2_ws/build/robot_controller/build/lib/robot_controller
[0.594s] running install
[0.595s] running install_lib
[0.595s] creating /home/ratul/ros2_ws/install/robot_controller/lib/python3.10/site-packages/robot_controller
[0.595s] copying /home/ratul/ros2_ws/build/robot_controller/build/lib/robot_controller/__init__.py -> /home/ratul/ros2_ws/install/robot_controller/lib/python3.10/site-packages/robot_controller
[0.595s] byte-compiling /home/ratul/ros2_ws/install/robot_controller/lib/python3.10/site-packages/robot_controller/__init__.py to __init__.cpython-310.pyc
[0.595s] running install_data
[0.595s] creating /home/ratul/ros2_ws/install/robot_controller/share/ament_index
[0.596s] creating /home/ratul/ros2_ws/install/robot_controller/share/ament_index/resource_index
[0.596s] creating /home/ratul/ros2_ws/install/robot_controller/share/ament_index/resource_index/packages
[0.596s] copying resource/robot_controller -> /home/ratul/ros2_ws/install/robot_controller/share/ament_index/resource_index/packages
[0.596s] copying package.xml -> /home/ratul/ros2_ws/install/robot_controller/share/robot_controller
[0.596s] running install_egg_info
[0.597s] Copying ../../build/robot_controller/robot_controller.egg-info to /home/ratul/ros2_ws/install/robot_controller/lib/python3.10/site-packages/robot_controller-0.0.0-py3.10.egg-info
[0.597s] running install_scripts
[0.612s] writing list of installed files to '/home/ratul/ros2_ws/build/robot_controller/install.log'
[0.627s] Invoked command in '/home/ratul/ros2_ws/src/robot_controller' returned '0': PYTHONPATH=/home/ratul/ros2_ws/build/robot_controller/prefix_override:/home/ratul/ros2_ws/install/robot_controller/lib/python3.10/site-packages:${PYTHONPATH} /usr/bin/python3 -W ignore:setup.py install is deprecated setup.py egg_info --egg-base ../../build/robot_controller build --build-base /home/ratul/ros2_ws/build/robot_controller/build install --record /home/ratul/ros2_ws/build/robot_controller/install.log --single-version-externally-managed install_data
