[0.546s] Invoking command in '/home/ratul/ros2_ws/build/robot_controller': PYTHONPATH=/home/ratul/ros2_ws/build/robot_controller/prefix_override:/home/ratul/ros2_ws/install/robot_controller/lib/python3.10/site-packages:${PYTHONPATH} /usr/bin/python3 -W ignore:setup.py install is deprecated setup.py develop --uninstall --editable --build-directory /home/ratul/ros2_ws/build/robot_controller/build
[0.768s] running develop
[0.768s] /home/ratul/.local/lib/python3.10/site-packages/setuptools/command/develop.py:42: EasyInstallDeprecationWarning: easy_install command is deprecated.
[0.768s] !!
[0.769s] 
[0.769s]         ********************************************************************************
[0.769s]         Please avoid running ``setup.py`` and ``easy_install``.
[0.769s]         Instead, use pypa/build, pypa/installer or other
[0.769s]         standards-based tools.
[0.769s] 
[0.769s]         See https://github.com/pypa/setuptools/issues/917 for details.
[0.769s]         ********************************************************************************
[0.769s] 
[0.769s] !!
[0.769s]   easy_install.initialize_options(self)
[0.920s] Removing /home/ratul/ros2_ws/install/robot_controller/lib/python3.10/site-packages/robot-controller.egg-link (link to .)
[0.940s] Invoked command in '/home/ratul/ros2_ws/build/robot_controller' returned '0': PYTHONPATH=/home/ratul/ros2_ws/build/robot_controller/prefix_override:/home/ratul/ros2_ws/install/robot_controller/lib/python3.10/site-packages:${PYTHONPATH} /usr/bin/python3 -W ignore:setup.py install is deprecated setup.py develop --uninstall --editable --build-directory /home/ratul/ros2_ws/build/robot_controller/build
[0.942s] Invoking command in '/home/ratul/ros2_ws/src/robot_controller': PYTHONPATH=/home/ratul/ros2_ws/build/robot_controller/prefix_override:/home/ratul/ros2_ws/install/robot_controller/lib/python3.10/site-packages:${PYTHONPATH} /usr/bin/python3 -W ignore:setup.py install is deprecated setup.py egg_info --egg-base ../../build/robot_controller build --build-base /home/ratul/ros2_ws/build/robot_controller/build install --record /home/ratul/ros2_ws/build/robot_controller/install.log --single-version-externally-managed install_data --force
[1.123s] running egg_info
[1.133s] writing ../../build/robot_controller/robot_controller.egg-info/PKG-INFO
[1.134s] writing dependency_links to ../../build/robot_controller/robot_controller.egg-info/dependency_links.txt
[1.134s] writing entry points to ../../build/robot_controller/robot_controller.egg-info/entry_points.txt
[1.134s] writing requirements to ../../build/robot_controller/robot_controller.egg-info/requires.txt
[1.134s] writing top-level names to ../../build/robot_controller/robot_controller.egg-info/top_level.txt
[1.157s] reading manifest file '../../build/robot_controller/robot_controller.egg-info/SOURCES.txt'
[1.158s] writing manifest file '../../build/robot_controller/robot_controller.egg-info/SOURCES.txt'
[1.158s] running build
[1.158s] running build_py
[1.158s] copying robot_controller/first_node.py -> /home/ratul/ros2_ws/build/robot_controller/build/lib/robot_controller
[1.158s] copying robot_controller/draw_circle.py -> /home/ratul/ros2_ws/build/robot_controller/build/lib/robot_controller
[1.158s] copying robot_controller/__init__.py -> /home/ratul/ros2_ws/build/robot_controller/build/lib/robot_controller
[1.159s] running install
[1.163s] running install_lib
[1.174s] creating /home/ratul/ros2_ws/install/robot_controller/lib/python3.10/site-packages/robot_controller
[1.174s] copying /home/ratul/ros2_ws/build/robot_controller/build/lib/robot_controller/first_node.py -> /home/ratul/ros2_ws/install/robot_controller/lib/python3.10/site-packages/robot_controller
[1.174s] copying /home/ratul/ros2_ws/build/robot_controller/build/lib/robot_controller/draw_circle.py -> /home/ratul/ros2_ws/install/robot_controller/lib/python3.10/site-packages/robot_controller
[1.174s] copying /home/ratul/ros2_ws/build/robot_controller/build/lib/robot_controller/__init__.py -> /home/ratul/ros2_ws/install/robot_controller/lib/python3.10/site-packages/robot_controller
[1.175s] byte-compiling /home/ratul/ros2_ws/install/robot_controller/lib/python3.10/site-packages/robot_controller/first_node.py to first_node.cpython-310.pyc
[1.175s] byte-compiling /home/ratul/ros2_ws/install/robot_controller/lib/python3.10/site-packages/robot_controller/draw_circle.py to draw_circle.cpython-310.pyc
[1.175s] byte-compiling /home/ratul/ros2_ws/install/robot_controller/lib/python3.10/site-packages/robot_controller/__init__.py to __init__.cpython-310.pyc
[1.176s] running install_data
[1.176s] copying resource/robot_controller -> /home/ratul/ros2_ws/install/robot_controller/share/ament_index/resource_index/packages
[1.176s] copying package.xml -> /home/ratul/ros2_ws/install/robot_controller/share/robot_controller
[1.176s] running install_egg_info
[1.187s] Copying ../../build/robot_controller/robot_controller.egg-info to /home/ratul/ros2_ws/install/robot_controller/lib/python3.10/site-packages/robot_controller-0.0.0-py3.10.egg-info
[1.188s] running install_scripts
[1.289s] Installing draw_circle script to /home/ratul/ros2_ws/install/robot_controller/lib/robot_controller
[1.289s] Installing test_node script to /home/ratul/ros2_ws/install/robot_controller/lib/robot_controller
[1.289s] writing list of installed files to '/home/ratul/ros2_ws/build/robot_controller/install.log'
[1.307s] Invoked command in '/home/ratul/ros2_ws/src/robot_controller' returned '0': PYTHONPATH=/home/ratul/ros2_ws/build/robot_controller/prefix_override:/home/ratul/ros2_ws/install/robot_controller/lib/python3.10/site-packages:${PYTHONPATH} /usr/bin/python3 -W ignore:setup.py install is deprecated setup.py egg_info --egg-base ../../build/robot_controller build --build-base /home/ratul/ros2_ws/build/robot_controller/build install --record /home/ratul/ros2_ws/build/robot_controller/install.log --single-version-externally-managed install_data --force
