[0.538s] Invoking command in '/home/ratul/ros2_ws/build/robot_controller': PYTHONPATH=/home/ratul/ros2_ws/build/robot_controller/prefix_override:/home/ratul/ros2_ws/install/robot_controller/lib/python3.10/site-packages:${PYTHONPATH} /usr/bin/python3 -W ignore:setup.py install is deprecated setup.py develop --editable --build-directory /home/ratul/ros2_ws/build/robot_controller/build --no-deps symlink_data
[0.768s] running develop
[0.769s] /home/ratul/.local/lib/python3.10/site-packages/setuptools/command/develop.py:42: EasyInstallDeprecationWarning: easy_install command is deprecated.
[0.769s] !!
[0.769s] 
[0.769s]         ********************************************************************************
[0.769s]         Please avoid running ``setup.py`` and ``easy_install``.
[0.769s]         Instead, use pypa/build, pypa/installer or other
[0.769s]         standards-based tools.
[0.769s] 
[0.769s]         See https://github.com/pypa/setuptools/issues/917 for details.
[0.769s]         ********************************************************************************
[0.769s] 
[0.769s] !!
[0.769s]   easy_install.initialize_options(self)
[0.920s] running egg_info
[0.931s] writing robot_controller.egg-info/PKG-INFO
[0.931s] writing dependency_links to robot_controller.egg-info/dependency_links.txt
[0.932s] writing entry points to robot_controller.egg-info/entry_points.txt
[0.932s] writing requirements to robot_controller.egg-info/requires.txt
[0.932s] writing top-level names to robot_controller.egg-info/top_level.txt
[0.954s] reading manifest file 'robot_controller.egg-info/SOURCES.txt'
[0.954s] writing manifest file 'robot_controller.egg-info/SOURCES.txt'
[0.966s] running build_ext
[0.966s] Creating /home/ratul/ros2_ws/install/robot_controller/lib/python3.10/site-packages/robot-controller.egg-link (link to .)
[0.966s] Installing test_node script to /home/ratul/ros2_ws/install/robot_controller/lib/robot_controller
[0.966s] 
[0.967s] Installed /home/ratul/ros2_ws/build/robot_controller
[0.967s] running symlink_data
[0.987s] Invoked command in '/home/ratul/ros2_ws/build/robot_controller' returned '0': PYTHONPATH=/home/ratul/ros2_ws/build/robot_controller/prefix_override:/home/ratul/ros2_ws/install/robot_controller/lib/python3.10/site-packages:${PYTHONPATH} /usr/bin/python3 -W ignore:setup.py install is deprecated setup.py develop --editable --build-directory /home/ratul/ros2_ws/build/robot_controller/build --no-deps symlink_data
