[0.456s] Invoking command in '/home/ratul/ros2_ws/build/robot_controller': PYTHONPATH=/home/ratul/ros2_ws/build/robot_controller/prefix_override:/home/ratul/ros2_ws/install/robot_controller/lib/python3.10/site-packages:${PYTHONPATH} /usr/bin/python3 -W ignore:setup.py install is deprecated setup.py develop --editable --build-directory /home/ratul/ros2_ws/build/robot_controller/build --no-deps symlink_data --force
[0.664s] running develop
[0.665s] /usr/lib/python3/dist-packages/setuptools/command/easy_install.py:158: EasyInstallDeprecationWarning: easy_install command is deprecated. Use build and pip and other standards-based tools.
[0.665s]   warnings.warn(
[0.786s] running egg_info
[0.786s] writing robot_controller.egg-info/PKG-INFO
[0.786s] writing dependency_links to robot_controller.egg-info/dependency_links.txt
[0.787s] writing entry points to robot_controller.egg-info/entry_points.txt
[0.787s] writing requirements to robot_controller.egg-info/requires.txt
[0.787s] writing top-level names to robot_controller.egg-info/top_level.txt
[0.788s] reading manifest file 'robot_controller.egg-info/SOURCES.txt'
[0.788s] writing manifest file 'robot_controller.egg-info/SOURCES.txt'
[0.789s] running build_ext
[0.789s] Creating /home/ratul/ros2_ws/install/robot_controller/lib/python3.10/site-packages/robot-controller.egg-link (link to .)
[0.790s] Installing test_node script to /home/ratul/ros2_ws/install/robot_controller/lib/robot_controller
[0.790s] 
[0.790s] Installed /home/ratul/ros2_ws/build/robot_controller
[0.790s] running symlink_data
[0.790s] symbolically linking /home/ratul/ros2_ws/build/robot_controller/resource/robot_controller -> /home/ratul/ros2_ws/install/robot_controller/share/ament_index/resource_index/packages
[0.790s] symbolically linking /home/ratul/ros2_ws/build/robot_controller/package.xml -> /home/ratul/ros2_ws/install/robot_controller/share/robot_controller
[0.811s] Invoked command in '/home/ratul/ros2_ws/build/robot_controller' returned '0': PYTHONPATH=/home/ratul/ros2_ws/build/robot_controller/prefix_override:/home/ratul/ros2_ws/install/robot_controller/lib/python3.10/site-packages:${PYTHONPATH} /usr/bin/python3 -W ignore:setup.py install is deprecated setup.py develop --editable --build-directory /home/ratul/ros2_ws/build/robot_controller/build --no-deps symlink_data --force
